-------------------------------------------------------------------------------
Test set: CalculateTest
-------------------------------------------------------------------------------
Tests run: 9, Failures: 1, Errors: 0, Skipped: 0, Time elapsed: 0.063 sec <<< FAILURE! - in CalculateTest
numbersBiggerThanThousandShouldBeIgnored(CalculateTest)  Time elapsed: 0.005 sec  <<< FAILURE!
java.lang.AssertionError: 

Expected: <2>
     but: was <4>
	at CalculateTest.numbersBiggerThanThousandShouldBeIgnored(CalculateTest.java:81)

